<?xml version="1.0" encoding="UTF-8"?>
<!-- Generated by org.testng.reporters.JUnitReportReporter -->
<testsuite skipped="0" hostname="FUNSOs-Air" name="E2EProject.Features.base" tests="1" failures="0" timestamp="2019-09-04T16:52:49 BST" time="10.523" errors="0">
  <testcase name="Login" time="10.523" classname="E2EProject.Features.base"/>
</testsuite> <!-- E2EProject.Features.base -->
