<?xml version="1.0" encoding="UTF-8"?>
<!-- Generated by org.testng.reporters.JUnitReportReporter -->
<testsuite skipped="0" hostname="FUNSOs-Air" name="HomePage" tests="1" failures="0" timestamp="2019-12-10T15:56:43 GMT" time="10.266" errors="0">
  <testcase name="basenavigation" time="10.266" classname="HomePage"/>
</testsuite> <!-- HomePage -->
