<?xml version="1.0" encoding="UTF-8"?>
<!-- Generated by org.testng.reporters.JUnitReportReporter -->
<testsuite skipped="0" hostname="FUNSOs-Air" name="validateNavigation" tests="1" failures="0" timestamp="2019-12-10T15:56:43 GMT" time="0.175" errors="0">
  <testcase name="basenavigation" time="0.175" classname="validateNavigation"/>
</testsuite> <!-- validateNavigation -->
